# JRE version: Java(TM) SE Runtime Environment (21.0.2+13) (build 21.0.2+13-LTS-58)
# Java VM: Java HotSpot(TM) 64-Bit Server VM (21.0.2+13-LTS-58, mixed mode, sharing, tiered, compressed oops, compressed class ptrs, g1 gc, windows-amd64)
GC Precious Log:
 CardTable entry size: 512
 Card Set container configuration: InlinePtr #cards 4 size 8 Array Of Cards #cards 16 size 48 Howl #buckets 8 coarsen threshold 3686 Howl Bitmap #cards 512 size 80 coarsen threshold 460 Card regions per heap region 1 cards per card region 4096
 CPUs: 12 total, 12 available
 Memory: 16095M
 Large Page Support: Disabled
 NUMA Support: Disabled
 Compressed Oops: Enabled (Zero based)
 Heap Region Size: 2M
 Heap Min Capacity: 8M
 Heap Initial Capacity: 252M
 Heap Max Capacity: 4024M
 Pre-touch: Disabled
 Parallel Workers: 10
 Concurrent Workers: 3
 Concurrent Refinement Workers: 10
 Periodic GC: Disabled
Heap:
 garbage-first heap   total 90112K, used 32571K [0x0000000704800000, 0x0000000800000000)
  region size 2048K, 14 young (28672K), 7 survivors (14336K)
 Metaspace       used 25681K, committed 26176K, reserved 1114112K
  class space    used 2831K, committed 3072K, reserved 1048576K
GC Heap History (8 events):
Event: 1.006 GC heap before
{Heap before GC invocations=0 (full 0):
 garbage-first heap   total 258048K, used 26624K [0x0000000704800000, 0x0000000800000000)
  region size 2048K, 11 young (22528K), 0 survivors (0K)
 Metaspace       used 4955K, committed 5248K, reserved 1114112K
  class space    used 503K, committed 640K, reserved 1048576K
}
Event: 1.014 GC heap after
{Heap after GC invocations=1 (full 0):
 garbage-first heap   total 258048K, used 7995K [0x0000000704800000, 0x0000000800000000)
  region size 2048K, 2 young (4096K), 2 survivors (4096K)
 Metaspace       used 4955K, committed 5248K, reserved 1114112K
  class space    used 503K, committed 640K, reserved 1048576K
}
Event: 1.730 GC heap before
{Heap before GC invocations=1 (full 0):
 garbage-first heap   total 258048K, used 40763K [0x0000000704800000, 0x0000000800000000)
  region size 2048K, 18 young (36864K), 2 survivors (4096K)
 Metaspace       used 10235K, committed 10496K, reserved 1114112K
  class space    used 1148K, committed 1280K, reserved 1048576K
}
Event: 1.736 GC heap after
{Heap after GC invocations=2 (full 0):
 garbage-first heap   total 258048K, used 10094K [0x0000000704800000, 0x0000000800000000)
  region size 2048K, 2 young (4096K), 2 survivors (4096K)
 Metaspace       used 10235K, committed 10496K, reserved 1114112K
  class space    used 1148K, committed 1280K, reserved 1048576K
}
Event: 4.218 GC heap before
{Heap before GC invocations=2 (full 0):
 garbage-first heap   total 258048K, used 110446K [0x0000000704800000, 0x0000000800000000)
  region size 2048K, 52 young (106496K), 2 survivors (4096K)
 Metaspace       used 21110K, committed 21504K, reserved 1114112K
  class space    used 2397K, committed 2624K, reserved 1048576K
}
Event: 4.227 GC heap after
{Heap after GC invocations=3 (full 0):
 garbage-first heap   total 258048K, used 16930K [0x0000000704800000, 0x0000000800000000)
  region size 2048K, 5 young (10240K), 5 survivors (10240K)
 Metaspace       used 21110K, committed 21504K, reserved 1114112K
  class space    used 2397K, committed 2624K, reserved 1048576K
}
Event: 5.477 GC heap before
{Heap before GC invocations=4 (full 0):
 garbage-first heap   total 75776K, used 74274K [0x0000000704800000, 0x0000000800000000)
  region size 2048K, 33 young (67584K), 5 survivors (10240K)
 Metaspace       used 23936K, committed 24384K, reserved 1114112K
  class space    used 2625K, committed 2880K, reserved 1048576K
}
Event: 5.487 GC heap after
{Heap after GC invocations=5 (full 0):
 garbage-first heap   total 90112K, used 20283K [0x0000000704800000, 0x0000000800000000)
  region size 2048K, 7 young (14336K), 7 survivors (14336K)
 Metaspace       used 23936K, committed 24384K, reserved 1114112K
  class space    used 2625K, committed 2880K, reserved 1048576K
}

